<?xml version="1.0" encoding="UTF-8" ?>
<testsuite errors="0" failures="0" hostname="CT1217D0028302" name="test.ValoresTest" skipped="0" tests="5" time="0.047" timestamp="2019-06-01T14:11:45">
  <properties>
[...]
</properties>
  <testcase classname="test.ValoresTest" name="testDel" time="0.016" />
  <testcase classname="test.ValoresTest" name="testIns" time="0.0" />
  <testcase classname="test.ValoresTest" name="testMean" time="0.0" />
  <testcase classname="test.ValoresTest" name="testSize" time="0.0" />
  <testcase classname="test.ValoresTest" name="testGreater" time="0.0" />
  <system-out><![CDATA[]]></system-out>
  <system-err><![CDATA[]]></system-err>
</testsuite>
